<!DOCTYPE suite SYSTEM "http://testng.org/testng-1.0.dtd">
<suite name="smbiz-servicelayer-tests">
  
  <test name="listhandler-namedqueries-db4o" annotations="JDK">
    <parameter name="db4o" value="true" />
    <groups>
      <run>
        <include name="namedqueries" />
      </run>
    </groups>
    <packages>
      <package name="com.tll.listhandler" />
    </packages>
  </test>
  
</suite>
